0 info it worked if it ends with ok
1 verbose cli [ '/usr/bin/node', '/usr/bin/npm', 'init' ]
2 info using npm@1.3.14
3 info using node@v0.10.22
4 verbose node symlink /usr/bin/node
5 silly package data undefined
6 info init written successfully
7 error Error: Invalid version: "*"
7 error     at Object.module.exports.fixVersionField (/usr/lib/node_modules/npm/node_modules/read-package-json/node_modules/normalize-package-data/lib/fixer.js:180:13)
7 error     at /usr/lib/node_modules/npm/node_modules/read-package-json/node_modules/normalize-package-data/lib/normalize.js:29:38
7 error     at Array.forEach (native)
7 error     at normalize (/usr/lib/node_modules/npm/node_modules/read-package-json/node_modules/normalize-package-data/lib/normalize.js:28:15)
7 error     at final (/usr/lib/node_modules/npm/node_modules/read-package-json/read-json.js:310:33)
7 error     at then (/usr/lib/node_modules/npm/node_modules/read-package-json/read-json.js:124:33)
7 error     at /usr/lib/node_modules/npm/node_modules/read-package-json/read-json.js:299:40
7 error     at fs.js:266:14
7 error     at /usr/lib/node_modules/npm/node_modules/graceful-fs/graceful-fs.js:103:5
7 error     at Object.oncomplete (fs.js:107:15)
8 error If you need help, you may report this log at:
8 error     <http://github.com/isaacs/npm/issues>
8 error or email it to:
8 error     <npm-@googlegroups.com>
9 error System Linux 3.2.0-57-generic
10 error command "/usr/bin/node" "/usr/bin/npm" "init"
11 error cwd /home/daniel/Escritorio/TrabajoIISS
12 error node -v v0.10.22
13 error npm -v 1.3.14
14 verbose exit [ 1, true ]
